modules/pingpoint-telemetry-service/android/build/intermediates/manifest_merge_blame_file/debug/processDebugManifest/manifest-merger-blame-debug-report.txt
1<?xml version="1.0" encoding="utf-8"?>
2<manifest xmlns:android="http://schemas.android.com/apk/res/android"
3    package="expo.modules.pptelemetry" >
4
5    <uses-sdk android:minSdkVersion="24" />
6    <!--
7         FOREGROUND_SERVICE_CONNECTED_DEVICE is the Android 14+ (API 34)
8         gate for starting a connectedDevice-typed foreground service; the
9         runtime prerequisite (BLUETOOTH_CONNECT) is requested by the app
10         before the service is ever started.
11    -->
12    <uses-permission android:name="android.permission.FOREGROUND_SERVICE" />
12-->src/main/AndroidManifest.xml:6:5-77
12-->src/main/AndroidManifest.xml:6:22-74
13    <uses-permission android:name="android.permission.FOREGROUND_SERVICE_CONNECTED_DEVICE" />
13-->src/main/AndroidManifest.xml:7:5-94
13-->src/main/AndroidManifest.xml:7:22-91
14
15    <application>
15-->src/main/AndroidManifest.xml:8:5-14:19
16        <service
16-->src/main/AndroidManifest.xml:9:9-13:63
17            android:name="expo.modules.pptelemetry.PPTelemetryForegroundService"
17-->src/main/AndroidManifest.xml:10:13-81
18            android:enabled="true"
18-->src/main/AndroidManifest.xml:11:13-35
19            android:exported="false"
19-->src/main/AndroidManifest.xml:12:13-37
20            android:foregroundServiceType="connectedDevice" />
20-->src/main/AndroidManifest.xml:13:13-60
21    </application>
22
23</manifest>